ď»ż
> clone-rapor-next@0.1.0 build
> next build

Î“Ă»â–“ Next.js 16.2.9 (Turbopack)
- Environments: .env.local

  Creating an optimized production build ...
Î“ÂŁĂ´ Compiled successfully in 3.6s
  Running TypeScript ...
  Finished TypeScript in 3.9s ...
  Collecting page data using 11 workers ...
  Generating static pages using 11 workers (0/40) ...
  Generating static pages using 11 workers (10/40) 
  Generating static pages using 11 workers (20/40) 
  Generating static pages using 11 workers (30/40) 
Î“ÂŁĂ´ Generating static pages using 11 workers (40/40) in 350ms
  Finalizing page optimization ...

Route (app)
Î“Ă¶Ă® â•žĂ† /
Î“Ă¶ÂŁ â•žĂ† /_not-found
Î“Ă¶ÂŁ â•žĂ† /api/auth/[...nextauth]
Î“Ă¶ÂŁ â•žĂ† /api/guru/penilaian/[id_mapel_kelas]
Î“Ă¶ÂŁ â•žĂ† /api/tu/pengaturan
Î“Ă¶ÂŁ â•žĂ† /api/tu/profil
Î“Ă¶ÂŁ â•žĂ† /api/tu/view-filter
Î“Ă¶ÂŁ â•žĂ† /guru
Î“Ă¶ÂŁ â•žĂ† /guru/anggota-kelas
Î“Ă¶ÂŁ â•žĂ† /guru/buku-induk
Î“Ă¶ÂŁ â•žĂ† /guru/catatan-rapor
Î“Ă¶ÂŁ â•žĂ† /guru/ekstra
Î“Ă¶ÂŁ â•žĂ† /guru/kelas-ku
Î“Ă¶ÂŁ â•žĂ† /guru/kokurikuler
Î“Ă¶ÂŁ â•žĂ† /guru/lager-nilai-kelas
Î“Ă¶ÂŁ â•žĂ† /guru/organisasi
Î“Ă¶ÂŁ â•žĂ† /guru/p5bk
Î“Ă¶ÂŁ â•žĂ† /guru/penilaian/[id_mapel_kelas]
Î“Ă¶ÂŁ â•žĂ† /guru/piket-harian
Î“Ă¶ÂŁ â•žĂ† /guru/prakerin
Î“Ă¶ÂŁ â•žĂ† /guru/rekap-presensi
Î“Ă¶ÂŁ â•žĂ† /guru/tujuan-pembelajaran
Î“Ă¶ÂŁ â•žĂ† /login
Î“Ă¶ÂŁ â•žĂ† /tu
Î“Ă¶ÂŁ â•žĂ† /tu/anggota-kelas
Î“Ă¶ÂŁ â•žĂ† /tu/deskripsi-rapor
Î“Ă¶ÂŁ â•žĂ† /tu/ekstra
Î“Ă¶ÂŁ â•žĂ† /tu/kesiswaan
Î“Ă¶ÂŁ â•žĂ† /tu/kompetensi
Î“Ă¶ÂŁ â•žĂ† /tu/laporan-pendidikan
Î“Ă¶ÂŁ â•žĂ† /tu/mapel
Î“Ă¶ÂŁ â•žĂ† /tu/mapel-kelas
Î“Ă¶ÂŁ â•žĂ† /tu/mapel-siswa
Î“Ă¶ÂŁ â•žĂ† /tu/naik-kelas
Î“Ă¶ÂŁ â•žĂ† /tu/p5bk
Î“Ă¶ÂŁ â•žĂ† /tu/pegawai
Î“Ă¶ÂŁ â•žĂ† /tu/pengaturan
Î“Ă¶ÂŁ â•žĂ† /tu/piket-harian
Î“Ă¶ÂŁ â•žĂ† /tu/prakerin
Î“Ă¶ÂŁ â•žĂ† /tu/profil
Î“Ă¶Ă¶ â•žĂ† /tu/rombel


â•žĂ† Proxy (Middleware)

â•žĂ†  (Dynamic)  server-rendered on demand

